This file contains any messages produced by compilers while
running configure, to aid debugging if configure makes a mistake.

It was created by HTSlib configure 1.9, which was
generated by GNU Autoconf 2.69.  Invocation command line was

  $ /Users/josephmin/Documents/GitHub/kallisto/ext/htslib/configure --prefix= --disable-bz2 --disable-lzma --disable-libcurl

## --------- ##
## Platform. ##
## --------- ##

hostname = josephs-mbp.lan
uname -m = x86_64
uname -r = 19.5.0
uname -s = Darwin
uname -v = Darwin Kernel Version 19.5.0: Tue May 26 20:41:44 PDT 2020; root:xnu-6153.121.2~2/RELEASE_X86_64

/usr/bin/uname -p = i386
/bin/uname -X     = unknown

/bin/arch              = unknown
/usr/bin/arch -k       = unknown
/usr/convex/getsysinfo = unknown
/usr/bin/hostinfo      = Mach kernel version:
	 Darwin Kernel Version 19.5.0: Tue May 26 20:41:44 PDT 2020; root:xnu-6153.121.2~2/RELEASE_X86_64
Kernel configured for up to 8 processors.
4 processors are physically available.
8 processors are logically available.
Processor type: x86_64h (Intel x86-64h Haswell)
Processors active: 0 1 2 3 4 5 6 7
Primary memory available: 16.00 gigabytes
Default processor set: 443 tasks, 2374 threads, 8 processors
Load average: 2.23, Mach factor: 5.76
/bin/machine           = unknown
/usr/bin/oslevel       = unknown
/bin/universe          = unknown

PATH: /Users/josephmin/bin
PATH: /Library/Frameworks/Python.framework/Versions/3.7/bin
PATH: /Users/josephmin/miniconda3/bin
PATH: /Users/josephmin/miniconda3/condabin
PATH: /anaconda3/bin
PATH: /usr/local/bin
PATH: /usr/bin
PATH: /bin
PATH: /usr/sbin
PATH: /sbin
PATH: /Library/TeX/texbin


## ----------- ##
## Core tests. ##
## ----------- ##

configure:2183: checking for gcc
configure:2199: found /usr/bin/gcc
configure:2210: result: gcc
configure:2439: checking for C compiler version
configure:2448: gcc --version >&5
Apple clang version 11.0.3 (clang-1103.0.32.62)
Target: x86_64-apple-darwin19.5.0
Thread model: posix
InstalledDir: /Applications/Xcode.app/Contents/Developer/Toolchains/XcodeDefault.xctoolchain/usr/bin
Configured with: --prefix=/Applications/Xcode.app/Contents/Developer/usr --with-gxx-include-dir=/Applications/Xcode.app/Contents/Developer/Platforms/MacOSX.platform/Developer/SDKs/MacOSX.sdk/usr/include/c++/4.2.1
configure:2459: $? = 0
configure:2448: gcc -v >&5
Configured with: --prefix=/Applications/Xcode.app/Contents/Developer/usr --with-gxx-include-dir=/Applications/Xcode.app/Contents/Developer/Platforms/MacOSX.platform/Developer/SDKs/MacOSX.sdk/usr/include/c++/4.2.1
Apple clang version 11.0.3 (clang-1103.0.32.62)
Target: x86_64-apple-darwin19.5.0
Thread model: posix
InstalledDir: /Applications/Xcode.app/Contents/Developer/Toolchains/XcodeDefault.xctoolchain/usr/bin
configure:2459: $? = 0
configure:2448: gcc -V >&5
clang: error: unsupported option '-V -Wno-objc-signed-char-bool-implicit-int-conversion'
clang: error: no input files
configure:2459: $? = 1
configure:2448: gcc -qversion >&5
clang: error: unknown argument '-qversion'; did you mean '--version'?
clang: error: no input files
configure:2459: $? = 1
configure:2479: checking whether the C compiler works
configure:2501: gcc    conftest.c  >&5
configure:2505: $? = 0
configure:2553: result: yes
configure:2556: checking for C compiler default output file name
configure:2558: result: a.out
configure:2564: checking for suffix of executables
configure:2571: gcc -o conftest    conftest.c  >&5
configure:2575: $? = 0
configure:2597: result: 
configure:2619: checking whether we are cross compiling
configure:2627: gcc -o conftest    conftest.c  >&5
configure:2631: $? = 0
configure:2638: ./conftest
configure:2642: $? = 0
configure:2657: result: no
configure:2662: checking for suffix of object files
configure:2684: gcc -c   conftest.c >&5
configure:2688: $? = 0
configure:2709: result: o
configure:2713: checking whether we are using the GNU C compiler
configure:2732: gcc -c   conftest.c >&5
configure:2732: $? = 0
configure:2741: result: yes
configure:2750: checking whether gcc accepts -g
configure:2770: gcc -c -g  conftest.c >&5
configure:2770: $? = 0
configure:2811: result: yes
configure:2828: checking for gcc option to accept ISO C89
configure:2891: gcc  -c -g -O2  conftest.c >&5
configure:2891: $? = 0
configure:2904: result: none needed
configure:2967: checking for ranlib
configure:2983: found /usr/bin/ranlib
configure:2994: result: ranlib
configure:3017: checking for grep that handles long lines and -e
configure:3075: result: /usr/bin/grep
configure:3100: checking for C compiler warning flags
configure:3213: result: -Wall
configure:3352: checking for pkg-config
configure:3370: found /usr/local/bin/pkg-config
configure:3382: result: /usr/local/bin/pkg-config
configure:3407: checking pkg-config is at least version 0.9.0
configure:3410: result: yes
configure:3449: checking for special C compiler options needed for large files
configure:3494: result: no
configure:3500: checking for _FILE_OFFSET_BITS value needed for large files
configure:3525: gcc -c  -Wall -g -O2  conftest.c >&5
configure:3525: $? = 0
configure:3557: result: no
configure:3642: checking for _LARGEFILE_SOURCE value needed for large files
configure:3661: gcc -o conftest  -Wall -g -O2   conftest.c  >&5
configure:3661: $? = 0
configure:3689: result: no
configure:3791: checking shared library type for unknown-Darwin
configure:3819: result: Darwin dylib
configure:3828: checking how to run the C preprocessor
configure:3859: gcc -E  conftest.c
configure:3859: $? = 0
configure:3873: gcc -E  conftest.c
conftest.c:10:10: fatal error: 'ac_nonexistent.h' file not found
#include <ac_nonexistent.h>
         ^~~~~~~~~~~~~~~~~~
1 error generated.
configure:3873: $? = 1
configure: failed program was:
| /* confdefs.h */
| #define PACKAGE_NAME "HTSlib"
| #define PACKAGE_TARNAME "htslib"
| #define PACKAGE_VERSION "1.9"
| #define PACKAGE_STRING "HTSlib 1.9"
| #define PACKAGE_BUGREPORT "samtools-help@lists.sourceforge.net"
| #define PACKAGE_URL "http://www.htslib.org/"
| #define HAVE_FSEEKO 1
| /* end confdefs.h.  */
| #include <ac_nonexistent.h>
configure:3898: result: gcc -E
configure:3918: gcc -E  conftest.c
configure:3918: $? = 0
configure:3932: gcc -E  conftest.c
conftest.c:10:10: fatal error: 'ac_nonexistent.h' file not found
#include <ac_nonexistent.h>
         ^~~~~~~~~~~~~~~~~~
1 error generated.
configure:3932: $? = 1
configure: failed program was:
| /* confdefs.h */
| #define PACKAGE_NAME "HTSlib"
| #define PACKAGE_TARNAME "htslib"
| #define PACKAGE_VERSION "1.9"
| #define PACKAGE_STRING "HTSlib 1.9"
| #define PACKAGE_BUGREPORT "samtools-help@lists.sourceforge.net"
| #define PACKAGE_URL "http://www.htslib.org/"
| #define HAVE_FSEEKO 1
| /* end confdefs.h.  */
| #include <ac_nonexistent.h>
configure:3961: checking for egrep
configure:4023: result: /usr/bin/grep -E
configure:4028: checking for ANSI C header files
configure:4048: gcc -c  -Wall -g -O2  conftest.c >&5
configure:4048: $? = 0
configure:4121: gcc -o conftest  -Wall -g -O2   conftest.c  >&5
configure:4121: $? = 0
configure:4121: ./conftest
configure:4121: $? = 0
configure:4132: result: yes
configure:4145: checking for sys/types.h
configure:4145: gcc -c  -Wall -g -O2  conftest.c >&5
configure:4145: $? = 0
configure:4145: result: yes
configure:4145: checking for sys/stat.h
configure:4145: gcc -c  -Wall -g -O2  conftest.c >&5
configure:4145: $? = 0
configure:4145: result: yes
configure:4145: checking for stdlib.h
configure:4145: gcc -c  -Wall -g -O2  conftest.c >&5
configure:4145: $? = 0
configure:4145: result: yes
configure:4145: checking for string.h
configure:4145: gcc -c  -Wall -g -O2  conftest.c >&5
configure:4145: $? = 0
configure:4145: result: yes
configure:4145: checking for memory.h
configure:4145: gcc -c  -Wall -g -O2  conftest.c >&5
configure:4145: $? = 0
configure:4145: result: yes
configure:4145: checking for strings.h
configure:4145: gcc -c  -Wall -g -O2  conftest.c >&5
configure:4145: $? = 0
configure:4145: result: yes
configure:4145: checking for inttypes.h
configure:4145: gcc -c  -Wall -g -O2  conftest.c >&5
configure:4145: $? = 0
configure:4145: result: yes
configure:4145: checking for stdint.h
configure:4145: gcc -c  -Wall -g -O2  conftest.c >&5
configure:4145: $? = 0
configure:4145: result: yes
configure:4145: checking for unistd.h
configure:4145: gcc -c  -Wall -g -O2  conftest.c >&5
configure:4145: $? = 0
configure:4145: result: yes
configure:4163: checking for stdlib.h
configure:4163: result: yes
configure:4163: checking for unistd.h
configure:4163: result: yes
configure:4163: checking for sys/param.h
configure:4163: gcc -c  -Wall -g -O2  conftest.c >&5
configure:4163: $? = 0
configure:4163: result: yes
configure:4183: checking for getpagesize
configure:4183: gcc -o conftest  -Wall -g -O2   conftest.c  >&5
configure:4183: $? = 0
configure:4183: result: yes
configure:4192: checking for working mmap
configure:4339: gcc -o conftest  -Wall -g -O2   conftest.c  >&5
configure:4339: $? = 0
configure:4339: ./conftest
configure:4339: $? = 0
configure:4349: result: yes
configure:4361: checking for gmtime_r
configure:4361: gcc -o conftest  -Wall -g -O2   conftest.c  >&5
configure:4361: $? = 0
configure:4361: result: yes
configure:4361: checking for fsync
configure:4361: gcc -o conftest  -Wall -g -O2   conftest.c  >&5
configure:4361: $? = 0
configure:4361: result: yes
configure:4361: checking for drand48
configure:4361: gcc -o conftest  -Wall -g -O2   conftest.c  >&5
configure:4361: $? = 0
configure:4361: result: yes
configure:4373: checking whether fdatasync is declared
configure:4373: gcc -c  -Wall -g -O2  conftest.c >&5
conftest.c:68:10: error: use of undeclared identifier 'fdatasync'
  (void) fdatasync;
         ^
1 error generated.
configure:4373: $? = 1
configure: failed program was:
| /* confdefs.h */
| #define PACKAGE_NAME "HTSlib"
| #define PACKAGE_TARNAME "htslib"
| #define PACKAGE_VERSION "1.9"
| #define PACKAGE_STRING "HTSlib 1.9"
| #define PACKAGE_BUGREPORT "samtools-help@lists.sourceforge.net"
| #define PACKAGE_URL "http://www.htslib.org/"
| #define HAVE_FSEEKO 1
| #define STDC_HEADERS 1
| #define HAVE_SYS_TYPES_H 1
| #define HAVE_SYS_STAT_H 1
| #define HAVE_STDLIB_H 1
| #define HAVE_STRING_H 1
| #define HAVE_MEMORY_H 1
| #define HAVE_STRINGS_H 1
| #define HAVE_INTTYPES_H 1
| #define HAVE_STDINT_H 1
| #define HAVE_UNISTD_H 1
| #define HAVE_STDLIB_H 1
| #define HAVE_UNISTD_H 1
| #define HAVE_SYS_PARAM_H 1
| #define HAVE_GETPAGESIZE 1
| #define HAVE_MMAP 1
| #define HAVE_GMTIME_R 1
| #define HAVE_FSYNC 1
| #define HAVE_DRAND48 1
| /* end confdefs.h.  */
| #include <stdio.h>
| #ifdef HAVE_SYS_TYPES_H
| # include <sys/types.h>
| #endif
| #ifdef HAVE_SYS_STAT_H
| # include <sys/stat.h>
| #endif
| #ifdef STDC_HEADERS
| # include <stdlib.h>
| # include <stddef.h>
| #else
| # ifdef HAVE_STDLIB_H
| #  include <stdlib.h>
| # endif
| #endif
| #ifdef HAVE_STRING_H
| # if !defined STDC_HEADERS && defined HAVE_MEMORY_H
| #  include <memory.h>
| # endif
| # include <string.h>
| #endif
| #ifdef HAVE_STRINGS_H
| # include <strings.h>
| #endif
| #ifdef HAVE_INTTYPES_H
| # include <inttypes.h>
| #endif
| #ifdef HAVE_STDINT_H
| # include <stdint.h>
| #endif
| #ifdef HAVE_UNISTD_H
| # include <unistd.h>
| #endif
| int
| main ()
| {
| #ifndef fdatasync
| #ifdef __cplusplus
|   (void) fdatasync((int) 0);
| #else
|   (void) fdatasync;
| #endif
| #endif
| 
|   ;
|   return 0;
| }
configure:4373: result: no
configure:4473: checking for library containing log
configure:4504: gcc -o conftest  -Wall -g -O2   conftest.c  >&5
conftest.c:35:6: warning: incompatible redeclaration of library function 'log' [-Wincompatible-library-redeclaration]
char log ();
     ^
conftest.c:35:6: note: 'log' is a builtin with type 'double (double)'
1 warning generated.
configure:4504: $? = 0
configure:4521: result: none required
configure:4541: checking for zlib.h
configure:4541: gcc -c  -Wall -g -O2  conftest.c >&5
configure:4541: $? = 0
configure:4541: result: yes
configure:4550: checking for inflate in -lz
configure:4575: gcc -o conftest  -Wall -g -O2   conftest.c -lz   >&5
configure:4575: $? = 0
configure:4584: result: yes
configure:4615: checking for library containing recv
configure:4646: gcc -o conftest  -Wall -g -O2   conftest.c -lz  >&5
configure:4646: $? = 0
configure:4663: result: none required
configure:4857: checking for libdeflate.h
configure:4857: gcc -c  -Wall -g -O2  conftest.c >&5
conftest.c:31:10: fatal error: 'libdeflate.h' file not found
#include <libdeflate.h>
         ^~~~~~~~~~~~~~
1 error generated.
configure:4857: $? = 1
configure: failed program was:
| /* confdefs.h */
| #define PACKAGE_NAME "HTSlib"
| #define PACKAGE_TARNAME "htslib"
| #define PACKAGE_VERSION "1.9"
| #define PACKAGE_STRING "HTSlib 1.9"
| #define PACKAGE_BUGREPORT "samtools-help@lists.sourceforge.net"
| #define PACKAGE_URL "http://www.htslib.org/"
| #define HAVE_FSEEKO 1
| #define STDC_HEADERS 1
| #define HAVE_SYS_TYPES_H 1
| #define HAVE_SYS_STAT_H 1
| #define HAVE_STDLIB_H 1
| #define HAVE_STRING_H 1
| #define HAVE_MEMORY_H 1
| #define HAVE_STRINGS_H 1
| #define HAVE_INTTYPES_H 1
| #define HAVE_STDINT_H 1
| #define HAVE_UNISTD_H 1
| #define HAVE_STDLIB_H 1
| #define HAVE_UNISTD_H 1
| #define HAVE_SYS_PARAM_H 1
| #define HAVE_GETPAGESIZE 1
| #define HAVE_MMAP 1
| #define HAVE_GMTIME_R 1
| #define HAVE_FSYNC 1
| #define HAVE_DRAND48 1
| #define HAVE_LIBZ 1
| /* end confdefs.h.  */
| ;
| 
| #include <libdeflate.h>
configure:4857: result: no
configure:4866: checking for libdeflate_deflate_compress in -ldeflate
configure:4891: gcc -o conftest  -Wall -g -O2   conftest.c -ldeflate  -lz  >&5
ld: library not found for -ldeflate
clang: error: linker command failed with exit code 1 (use -v to see invocation)
configure:4891: $? = 1
configure: failed program was:
| /* confdefs.h */
| #define PACKAGE_NAME "HTSlib"
| #define PACKAGE_TARNAME "htslib"
| #define PACKAGE_VERSION "1.9"
| #define PACKAGE_STRING "HTSlib 1.9"
| #define PACKAGE_BUGREPORT "samtools-help@lists.sourceforge.net"
| #define PACKAGE_URL "http://www.htslib.org/"
| #define HAVE_FSEEKO 1
| #define STDC_HEADERS 1
| #define HAVE_SYS_TYPES_H 1
| #define HAVE_SYS_STAT_H 1
| #define HAVE_STDLIB_H 1
| #define HAVE_STRING_H 1
| #define HAVE_MEMORY_H 1
| #define HAVE_STRINGS_H 1
| #define HAVE_INTTYPES_H 1
| #define HAVE_STDINT_H 1
| #define HAVE_UNISTD_H 1
| #define HAVE_STDLIB_H 1
| #define HAVE_UNISTD_H 1
| #define HAVE_SYS_PARAM_H 1
| #define HAVE_GETPAGESIZE 1
| #define HAVE_MMAP 1
| #define HAVE_GMTIME_R 1
| #define HAVE_FSYNC 1
| #define HAVE_DRAND48 1
| #define HAVE_LIBZ 1
| /* end confdefs.h.  */
| 
| /* Override any GCC internal prototype to avoid an error.
|    Use char because int might match the return type of a GCC
|    builtin and then its argument prototype would still apply.  */
| #ifdef __cplusplus
| extern "C"
| #endif
| char libdeflate_deflate_compress ();
| int
| main ()
| {
| return libdeflate_deflate_compress ();
|   ;
|   return 0;
| }
configure:4900: result: no
configure:5065: WARNING: GCS support not enabled: requires libcurl support
configure:5089: WARNING: S3 support not enabled: requires libcurl support
configure:5204: checking whether PTHREAD_MUTEX_RECURSIVE is declared
configure:5204: gcc -c  -Wall -g -O2  conftest.c >&5
configure:5204: $? = 0
configure:5204: result: yes
configure:5349: creating ./config.status

## ---------------------- ##
## Running config.status. ##
## ---------------------- ##

This file was extended by HTSlib config.status 1.9, which was
generated by GNU Autoconf 2.69.  Invocation command line was

  CONFIG_FILES    = 
  CONFIG_HEADERS  = 
  CONFIG_LINKS    = 
  CONFIG_COMMANDS = 
  $ ./config.status 

on josephs-mbp.lan

config.status:826: creating config.mk
config.status:826: creating htslib.pc.tmp
config.status:826: creating config.h

## ---------------- ##
## Cache variables. ##
## ---------------- ##

ac_cv_c_compiler_gnu=yes
ac_cv_env_CC_set=
ac_cv_env_CC_value=
ac_cv_env_CFLAGS_set=
ac_cv_env_CFLAGS_value=
ac_cv_env_CPPFLAGS_set=
ac_cv_env_CPPFLAGS_value=
ac_cv_env_CPP_set=
ac_cv_env_CPP_value=
ac_cv_env_LDFLAGS_set=
ac_cv_env_LDFLAGS_value=
ac_cv_env_LIBS_set=
ac_cv_env_LIBS_value=
ac_cv_env_PKG_CONFIG_LIBDIR_set=
ac_cv_env_PKG_CONFIG_LIBDIR_value=
ac_cv_env_PKG_CONFIG_PATH_set=
ac_cv_env_PKG_CONFIG_PATH_value=
ac_cv_env_PKG_CONFIG_set=
ac_cv_env_PKG_CONFIG_value=
ac_cv_env_build_alias_set=
ac_cv_env_build_alias_value=
ac_cv_env_host_alias_set=
ac_cv_env_host_alias_value=
ac_cv_env_target_alias_set=
ac_cv_env_target_alias_value=
ac_cv_func_drand48=yes
ac_cv_func_fsync=yes
ac_cv_func_getpagesize=yes
ac_cv_func_gmtime_r=yes
ac_cv_func_mmap_fixed_mapped=yes
ac_cv_have_decl_PTHREAD_MUTEX_RECURSIVE=yes
ac_cv_have_decl_fdatasync_int_=no
ac_cv_header_inttypes_h=yes
ac_cv_header_libdeflate_h=no
ac_cv_header_memory_h=yes
ac_cv_header_stdc=yes
ac_cv_header_stdint_h=yes
ac_cv_header_stdlib_h=yes
ac_cv_header_string_h=yes
ac_cv_header_strings_h=yes
ac_cv_header_sys_param_h=yes
ac_cv_header_sys_stat_h=yes
ac_cv_header_sys_types_h=yes
ac_cv_header_unistd_h=yes
ac_cv_header_zlib_h=yes
ac_cv_lib_deflate_libdeflate_deflate_compress=no
ac_cv_lib_z_inflate=yes
ac_cv_objext=o
ac_cv_path_EGREP='/usr/bin/grep -E'
ac_cv_path_GREP=/usr/bin/grep
ac_cv_path_ac_pt_PKG_CONFIG=/usr/local/bin/pkg-config
ac_cv_prog_CPP='gcc -E'
ac_cv_prog_ac_ct_CC=gcc
ac_cv_prog_ac_ct_RANLIB=ranlib
ac_cv_prog_cc_c89=
ac_cv_prog_cc_g=yes
ac_cv_search_log='none required'
ac_cv_search_recv='none required'
ac_cv_sys_file_offset_bits=no
ac_cv_sys_largefile_CC=no
ac_cv_sys_largefile_source=no
hts_cv_prog_cc_warnings=-Wall

## ----------------- ##
## Output variables. ##
## ----------------- ##

CC='gcc'
CFLAGS=' -Wall -g -O2'
CPP='gcc -E'
CPPFLAGS=''
CRYPTO_LIBS=''
DEFS='-DHAVE_CONFIG_H'
ECHO_C='\c'
ECHO_N=''
ECHO_T=''
EGREP='/usr/bin/grep -E'
EXEEXT=''
GREP='/usr/bin/grep'
LDFLAGS=''
LIBOBJS=''
LIBS='-lz '
LTLIBOBJS=''
OBJEXT='o'
PACKAGE_BUGREPORT='samtools-help@lists.sourceforge.net'
PACKAGE_NAME='HTSlib'
PACKAGE_STRING='HTSlib 1.9'
PACKAGE_TARNAME='htslib'
PACKAGE_URL='http://www.htslib.org/'
PACKAGE_VERSION='1.9'
PATH_SEPARATOR=':'
PKG_CONFIG='/usr/local/bin/pkg-config'
PKG_CONFIG_LIBDIR=''
PKG_CONFIG_PATH=''
PLATFORM='Darwin'
PLUGIN_EXT='.bundle'
RANLIB='ranlib'
SHELL='/bin/sh'
ac_ct_CC='gcc'
bindir='${exec_prefix}/bin'
build_alias=''
datadir='${datarootdir}'
datarootdir='${prefix}/share'
docdir='${datarootdir}/doc/${PACKAGE_TARNAME}'
dvidir='${docdir}'
enable_plugins='no'
exec_prefix='${prefix}'
gcs='disabled'
host_alias='unknown-Darwin'
htmldir='${docdir}'
includedir='${prefix}/include'
infodir='${datarootdir}/info'
libcurl='disabled'
libdir='${exec_prefix}/lib'
libexecdir='${exec_prefix}/libexec'
localedir='${datarootdir}/locale'
localstatedir='${prefix}/var'
mandir='${datarootdir}/man'
oldincludedir='/usr/include'
pc_requires=''
pdfdir='${docdir}'
plugindir='$(libexecdir)/htslib'
pluginpath='$(libexecdir)/htslib'
prefix=''
private_LIBS=''
program_transform_name='s,x,x,'
psdir='${docdir}'
s3='disabled'
sbindir='${exec_prefix}/sbin'
sharedstatedir='${prefix}/com'
static_LDFLAGS=''
static_LIBS='-lpthread -lz -lm'
sysconfdir='${prefix}/etc'
target_alias=''

## ----------- ##
## confdefs.h. ##
## ----------- ##

/* confdefs.h */
#define PACKAGE_NAME "HTSlib"
#define PACKAGE_TARNAME "htslib"
#define PACKAGE_VERSION "1.9"
#define PACKAGE_STRING "HTSlib 1.9"
#define PACKAGE_BUGREPORT "samtools-help@lists.sourceforge.net"
#define PACKAGE_URL "http://www.htslib.org/"
#define HAVE_FSEEKO 1
#define STDC_HEADERS 1
#define HAVE_SYS_TYPES_H 1
#define HAVE_SYS_STAT_H 1
#define HAVE_STDLIB_H 1
#define HAVE_STRING_H 1
#define HAVE_MEMORY_H 1
#define HAVE_STRINGS_H 1
#define HAVE_INTTYPES_H 1
#define HAVE_STDINT_H 1
#define HAVE_UNISTD_H 1
#define HAVE_STDLIB_H 1
#define HAVE_UNISTD_H 1
#define HAVE_SYS_PARAM_H 1
#define HAVE_GETPAGESIZE 1
#define HAVE_MMAP 1
#define HAVE_GMTIME_R 1
#define HAVE_FSYNC 1
#define HAVE_DRAND48 1
#define HAVE_LIBZ 1

configure: exit 0
